<?xml version="1.0" encoding="UTF-8"?>
<!-- Generated by org.testng.reporters.JUnitXMLReporter -->
<testsuite ignored="0" hostname="WEBDEV-25" failures="0" tests="4" name="Registration Tests" time="100.329" errors="0" timestamp="2025-12-17T17:21:17 EET">
  <testcase classname="com.Ironfx.uat.UatProjectIronFx.tests.RegistrationPageTest" name="testSuccessfulRegistration" time="24.612"/>
  <testcase classname="com.Ironfx.uat.UatProjectIronFx.tests.LoginPageTest" name="testSuccessfulLogin" time="17.829"/>
  <testcase classname="com.Ironfx.uat.UatProjectIronFx.tests.VerifyCorrectLangTest" name="verifyDropdownOptions" time="10.732"/>
  <testcase classname="com.Ironfx.uat.UatProjectIronFx.tests.VerifyAccountPageTest" name="verifyDropdownOptions" time="23.454"/>
</testsuite> <!-- Registration Tests -->
