<?xml version="1.0" encoding="UTF-8"?>
<!-- Generated by org.testng.reporters.JUnitReportReporter -->
<testsuite hostname="WEBDEV-25" failures="0" tests="1" name="com.Ironfx.uat.UatProjectIronFx.tests.RegistrationPageTest" time="135.803" errors="0" timestamp="2025-12-22T13:03:56 EET" skipped="0">
  <testcase classname="com.Ironfx.uat.UatProjectIronFx.tests.RegistrationPageTest" name="testSuccessfulRegistrationForAllCountries" time="135.803"/>
</testsuite> <!-- com.Ironfx.uat.UatProjectIronFx.tests.RegistrationPageTest -->
