<?xml version="1.0" encoding="UTF-8"?>
<!-- Generated by org.testng.reporters.JUnitReportReporter -->
<testsuite hostname="WEBDEV-25" failures="0" tests="1" name="com.Ironfx.uat.UatProjectIronFx.tests.VerifyCorrectLangTest" time="10.793" errors="0" timestamp="2025-12-11T18:31:47 EET" skipped="0">
  <testcase classname="com.Ironfx.uat.UatProjectIronFx.tests.VerifyCorrectLangTest" name="verifyDropdownOptions" time="10.793"/>
</testsuite> <!-- com.Ironfx.uat.UatProjectIronFx.tests.VerifyCorrectLangTest -->
