<?xml version="1.0" encoding="UTF-8"?>
<!-- Generated by org.testng.reporters.JUnitReportReporter -->
<testsuite hostname="WEBDEV-25" failures="0" tests="1" name="com.Ironfx.uat.UatProjectIronFx.tests.IronDepositPageTest" time="466.024" errors="0" timestamp="2025-12-23T11:32:03 EET" skipped="0">
  <testcase classname="com.Ironfx.uat.UatProjectIronFx.tests.IronDepositPageTest" name="testLoginForMultipleUsers" time="466.024"/>
</testsuite> <!-- com.Ironfx.uat.UatProjectIronFx.tests.IronDepositPageTest -->
