<?xml version="1.0" encoding="UTF-8"?>
<!-- Generated by org.testng.reporters.JUnitReportReporter -->
<testsuite hostname="WEBDEV-25" failures="0" tests="1" name="com.Ironfx.uat.UatProjectIronFx.tests.RegistrationPageTest" time="34.952" errors="0" timestamp="2025-12-11T14:11:44 EET" skipped="0">
  <testcase classname="com.Ironfx.uat.UatProjectIronFx.tests.RegistrationPageTest" name="testSuccessfulRegistration" time="34.952"/>
</testsuite> <!-- com.Ironfx.uat.UatProjectIronFx.tests.RegistrationPageTest -->
