<?xml version="1.0" encoding="UTF-8"?>
<!-- Generated by org.testng.reporters.JUnitReportReporter -->
<testsuite hostname="WEBDEV-25" failures="0" tests="1" name="com.Ironfx.uat.UatProjectIronFx.tests.VerifyAccountPageTest" time="23.454" errors="0" timestamp="2025-12-17T17:21:17 EET" skipped="0">
  <testcase classname="com.Ironfx.uat.UatProjectIronFx.tests.VerifyAccountPageTest" name="verifyDropdownOptions" time="23.454"/>
</testsuite> <!-- com.Ironfx.uat.UatProjectIronFx.tests.VerifyAccountPageTest -->
