<?xml version="1.0" encoding="UTF-8"?>
<testng-results ignored="0" total="1" passed="1" failed="0" skipped="0">
  <reporter-output>
  </reporter-output>
  <suite started-at="2025-12-23T16:34:59 EET" name="UatProjectIronFx Suite" finished-at="2025-12-23T16:38:04 EET" duration-ms="185285">
    <groups>
    </groups>
    <test started-at="2025-12-23T16:34:59 EET" name="Registration Tests" finished-at="2025-12-23T16:38:04 EET" duration-ms="185285">
      <class name="com.T4trade.uat.Uat.tests.T4tradeDepositPageTest">
        <test-method is-config="true" signature="setUp()[pri:0, instance:com.T4trade.uat.Uat.tests.T4tradeDepositPageTest@302552ec]" started-at="2025-12-23T16:34:59 EET" name="setUp" finished-at="2025-12-23T16:35:05 EET" duration-ms="6268" status="PASS">
          <reporter-output>
          </reporter-output>
        </test-method> <!-- setUp -->
        <test-method signature="testLoginForMultipleUsers()[pri:0, instance:com.T4trade.uat.Uat.tests.T4tradeDepositPageTest@302552ec]" started-at="2025-12-23T16:35:05 EET" name="testLoginForMultipleUsers" finished-at="2025-12-23T16:38:03 EET" duration-ms="178325" status="PASS">
          <reporter-output>
          </reporter-output>
        </test-method> <!-- testLoginForMultipleUsers -->
        <test-method is-config="true" signature="tearDown()[pri:0, instance:com.T4trade.uat.Uat.tests.T4tradeDepositPageTest@302552ec]" started-at="2025-12-23T16:38:03 EET" name="tearDown" finished-at="2025-12-23T16:38:04 EET" duration-ms="650" status="PASS">
          <reporter-output>
          </reporter-output>
        </test-method> <!-- tearDown -->
      </class> <!-- com.T4trade.uat.Uat.tests.T4tradeDepositPageTest -->
    </test> <!-- Registration Tests -->
  </suite> <!-- UatProjectIronFx Suite -->
</testng-results>
