<?xml version="1.0" encoding="UTF-8"?>
<testng-results ignored="0" total="1" passed="1" failed="0" skipped="0">
  <reporter-output>
  </reporter-output>
  <suite started-at="2025-12-11T14:11:01 EET" name="Default suite" finished-at="2025-12-11T14:11:44 EET" duration-ms="42598">
    <groups>
    </groups>
    <test started-at="2025-12-11T14:11:01 EET" name="Default test" finished-at="2025-12-11T14:11:44 EET" duration-ms="42598">
      <class name="com.Ironfx.uat.UatProjectIronFx.tests.RegistrationPageTest">
        <test-method is-config="true" signature="setUp()[pri:0, instance:com.Ironfx.uat.UatProjectIronFx.tests.RegistrationPageTest@752325ad]" started-at="2025-12-11T14:11:01 EET" name="setUp" finished-at="2025-12-11T14:11:08 EET" duration-ms="7318" status="PASS">
          <reporter-output>
          </reporter-output>
        </test-method> <!-- setUp -->
        <test-method signature="testSuccessfulRegistration()[pri:0, instance:com.Ironfx.uat.UatProjectIronFx.tests.RegistrationPageTest@752325ad]" started-at="2025-12-11T14:11:08 EET" name="testSuccessfulRegistration" finished-at="2025-12-11T14:11:43 EET" duration-ms="34952" status="PASS">
          <reporter-output>
          </reporter-output>
        </test-method> <!-- testSuccessfulRegistration -->
        <test-method is-config="true" signature="tearDown()[pri:0, instance:com.Ironfx.uat.UatProjectIronFx.tests.RegistrationPageTest@752325ad]" started-at="2025-12-11T14:11:43 EET" name="tearDown" finished-at="2025-12-11T14:11:44 EET" duration-ms="289" status="PASS">
          <reporter-output>
          </reporter-output>
        </test-method> <!-- tearDown -->
      </class> <!-- com.Ironfx.uat.UatProjectIronFx.tests.RegistrationPageTest -->
    </test> <!-- Default test -->
  </suite> <!-- Default suite -->
</testng-results>
